<?xml version="1.0" encoding="UTF-8"?>
<!-- Generated by org.testng.reporters.JUnitReportReporter -->
<testsuite hostname="SMT-LAP-081" failures="0" tests="1" name="com.assignment.fancode.FancodeTest" time="5.528" errors="0" timestamp="2024-06-17T12:02:06 IST" skipped="0">
  <testcase classname="com.assignment.fancode.FancodeTest" name="TaskCompletedMoreThan50PercentTest" time="5.528"/>
</testsuite> <!-- com.assignment.fancode.FancodeTest -->
